# JRE version: OpenJDK Runtime Environment (11.0.15) (build 11.0.15+0-b2043.56-9505619)
# Java VM: OpenJDK 64-Bit Server VM (11.0.15+0-b2043.56-9505619, mixed mode, tiered, compressed oops, g1 gc, windows-amd64)
Heap:
 garbage-first heap   total 315392K, used 153592K [0x0000000080000000, 0x0000000100000000)
  region size 1024K, 19 young (19456K), 17 survivors (17408K)
 Metaspace       used 132162K, capacity 136345K, committed 136452K, reserved 1167360K
  class space    used 16651K, capacity 18305K, committed 18328K, reserved 1048576K
GC Heap History (20 events):
Event: 12.474 GC heap before
{Heap before GC invocations=15 (full 0):
 garbage-first heap   total 315392K, used 231936K [0x0000000080000000, 0x0000000100000000)
  region size 1024K, 168 young (172032K), 16 survivors (16384K)
 Metaspace       used 92120K, capacity 94520K, committed 94724K, reserved 1130496K
  class space    used 11887K, capacity 12825K, committed 12952K, reserved 1048576K
}
Event: 12.504 GC heap after
{Heap after GC invocations=16 (full 0):
 garbage-first heap   total 315392K, used 97408K [0x0000000080000000, 0x0000000100000000)
  region size 1024K, 21 young (21504K), 21 survivors (21504K)
 Metaspace       used 92120K, capacity 94520K, committed 94724K, reserved 1130496K
  class space    used 11887K, capacity 12825K, committed 12952K, reserved 1048576K
}
Event: 14.553 GC heap before
{Heap before GC invocations=16 (full 0):
 garbage-first heap   total 315392K, used 253056K [0x0000000080000000, 0x0000000100000000)
  region size 1024K, 157 young (160768K), 21 survivors (21504K)
 Metaspace       used 97728K, capacity 100431K, committed 100740K, reserved 1136640K
  class space    used 12507K, capacity 13535K, committed 13592K, reserved 1048576K
}
Event: 14.578 GC heap after
{Heap after GC invocations=17 (full 0):
 garbage-first heap   total 315392K, used 98304K [0x0000000080000000, 0x0000000100000000)
  region size 1024K, 8 young (8192K), 8 survivors (8192K)
 Metaspace       used 97728K, capacity 100431K, committed 100740K, reserved 1136640K
  class space    used 12507K, capacity 13535K, committed 13592K, reserved 1048576K
}
Event: 18.140 GC heap before
{Heap before GC invocations=17 (full 0):
 garbage-first heap   total 315392K, used 238592K [0x0000000080000000, 0x0000000100000000)
  region size 1024K, 146 young (149504K), 8 survivors (8192K)
 Metaspace       used 103066K, capacity 105794K, committed 105988K, reserved 1140736K
  class space    used 13133K, capacity 14168K, committed 14232K, reserved 1048576K
}
Event: 18.154 GC heap after
{Heap after GC invocations=18 (full 0):
 garbage-first heap   total 315392K, used 105903K [0x0000000080000000, 0x0000000100000000)
  region size 1024K, 15 young (15360K), 15 survivors (15360K)
 Metaspace       used 103066K, capacity 105794K, committed 105988K, reserved 1140736K
  class space    used 13133K, capacity 14168K, committed 14232K, reserved 1048576K
}
Event: 29.395 GC heap before
{Heap before GC invocations=18 (full 0):
 garbage-first heap   total 315392K, used 247215K [0x0000000080000000, 0x0000000100000000)
  region size 1024K, 152 young (155648K), 15 survivors (15360K)
 Metaspace       used 113476K, capacity 116637K, committed 116740K, reserved 1150976K
  class space    used 14535K, capacity 15729K, committed 15768K, reserved 1048576K
}
Event: 29.418 GC heap after
{Heap after GC invocations=19 (full 0):
 garbage-first heap   total 315392K, used 117455K [0x0000000080000000, 0x0000000100000000)
  region size 1024K, 19 young (19456K), 19 survivors (19456K)
 Metaspace       used 113476K, capacity 116637K, committed 116740K, reserved 1150976K
  class space    used 14535K, capacity 15729K, committed 15768K, reserved 1048576K
}
Event: 31.727 GC heap before
{Heap before GC invocations=19 (full 0):
 garbage-first heap   total 315392K, used 269007K [0x0000000080000000, 0x0000000100000000)
  region size 1024K, 140 young (143360K), 19 survivors (19456K)
 Metaspace       used 125832K, capacity 129800K, committed 129924K, reserved 1161216K
  class space    used 16280K, capacity 17848K, committed 17944K, reserved 1048576K
}
Event: 31.745 GC heap after
{Heap after GC invocations=20 (full 0):
 garbage-first heap   total 315392K, used 116131K [0x0000000080000000, 0x0000000100000000)
  region size 1024K, 4 young (4096K), 4 survivors (4096K)
 Metaspace       used 125832K, capacity 129800K, committed 129924K, reserved 1161216K
  class space    used 16280K, capacity 17848K, committed 17944K, reserved 1048576K
}
Event: 86.552 GC heap before
{Heap before GC invocations=21 (full 0):
 garbage-first heap   total 315392K, used 265635K [0x0000000080000000, 0x0000000100000000)
  region size 1024K, 132 young (135168K), 4 survivors (4096K)
 Metaspace       used 130439K, capacity 134573K, committed 134916K, reserved 1165312K
  class space    used 16612K, capacity 18234K, committed 18328K, reserved 1048576K
}
Event: 86.574 GC heap after
{Heap after GC invocations=22 (full 0):
 garbage-first heap   total 315392K, used 123088K [0x0000000080000000, 0x0000000100000000)
  region size 1024K, 11 young (11264K), 11 survivors (11264K)
 Metaspace       used 130439K, capacity 134573K, committed 134916K, reserved 1165312K
  class space    used 16612K, capacity 18234K, committed 18328K, reserved 1048576K
}
Event: 117.666 GC heap before
{Heap before GC invocations=23 (full 0):
 garbage-first heap   total 315392K, used 261328K [0x0000000080000000, 0x0000000100000000)
  region size 1024K, 136 young (139264K), 11 survivors (11264K)
 Metaspace       used 130940K, capacity 134972K, committed 135428K, reserved 1167360K
  class space    used 16587K, capacity 18187K, committed 18328K, reserved 1048576K
}
Event: 117.683 GC heap after
{Heap after GC invocations=24 (full 0):
 garbage-first heap   total 315392K, used 130953K [0x0000000080000000, 0x0000000100000000)
  region size 1024K, 16 young (16384K), 16 survivors (16384K)
 Metaspace       used 130940K, capacity 134972K, committed 135428K, reserved 1167360K
  class space    used 16587K, capacity 18187K, committed 18328K, reserved 1048576K
}
Event: 256.853 GC heap before
{Heap before GC invocations=24 (full 0):
 garbage-first heap   total 315392K, used 277385K [0x0000000080000000, 0x0000000100000000)
  region size 1024K, 134 young (137216K), 16 survivors (16384K)
 Metaspace       used 131399K, capacity 135498K, committed 135684K, reserved 1167360K
  class space    used 16606K, capacity 18223K, committed 18328K, reserved 1048576K
}
Event: 256.858 GC heap after
{Heap after GC invocations=25 (full 0):
 garbage-first heap   total 315392K, used 120355K [0x0000000080000000, 0x0000000100000000)
  region size 1024K, 4 young (4096K), 4 survivors (4096K)
 Metaspace       used 131399K, capacity 135498K, committed 135684K, reserved 1167360K
  class space    used 16606K, capacity 18223K, committed 18328K, reserved 1048576K
}
Event: 259.191 GC heap before
{Heap before GC invocations=25 (full 0):
 garbage-first heap   total 315392K, used 269859K [0x0000000080000000, 0x0000000100000000)
  region size 1024K, 132 young (135168K), 4 survivors (4096K)
 Metaspace       used 131863K, capacity 136033K, committed 136196K, reserved 1167360K
  class space    used 16644K, capacity 18291K, committed 18328K, reserved 1048576K
}
Event: 259.201 GC heap after
{Heap after GC invocations=26 (full 0):
 garbage-first heap   total 315392K, used 127523K [0x0000000080000000, 0x0000000100000000)
  region size 1024K, 11 young (11264K), 11 survivors (11264K)
 Metaspace       used 131863K, capacity 136033K, committed 136196K, reserved 1167360K
  class space    used 16644K, capacity 18291K, committed 18328K, reserved 1048576K
}
Event: 287.960 GC heap before
{Heap before GC invocations=26 (full 0):
 garbage-first heap   total 315392K, used 265763K [0x0000000080000000, 0x0000000100000000)
  region size 1024K, 124 young (126976K), 11 survivors (11264K)
 Metaspace       used 132158K, capacity 136345K, committed 136452K, reserved 1167360K
  class space    used 16651K, capacity 18305K, committed 18328K, reserved 1048576K
}
Event: 287.997 GC heap after
{Heap after GC invocations=27 (full 0):
 garbage-first heap   total 315392K, used 148472K [0x0000000080000000, 0x0000000100000000)
  region size 1024K, 17 young (17408K), 17 survivors (17408K)
 Metaspace       used 132158K, capacity 136345K, committed 136452K, reserved 1167360K
  class space    used 16651K, capacity 18305K, committed 18328K, reserved 1048576K
}

