# JRE version: OpenJDK Runtime Environment (11.0.15) (build 11.0.15+0-b2043.56-9505619)
# Java VM: OpenJDK 64-Bit Server VM (11.0.15+0-b2043.56-9505619, mixed mode, tiered, compressed oops, g1 gc, windows-amd64)
Heap:
 garbage-first heap   total 262144K, used 124928K [0x0000000080000000, 0x0000000100000000)
  region size 1024K, 64 young (65536K), 8 survivors (8192K)
 Metaspace       used 85452K, capacity 87477K, committed 87600K, reserved 1124352K
  class space    used 11062K, capacity 11852K, committed 11904K, reserved 1048576K
GC Heap History (20 events):
Event: 0.444 GC heap before
{Heap before GC invocations=0 (full 0):
 garbage-first heap   total 262144K, used 16384K [0x0000000080000000, 0x0000000100000000)
  region size 1024K, 14 young (14336K), 0 survivors (0K)
 Metaspace       used 6748K, capacity 6937K, committed 7168K, reserved 1056768K
  class space    used 573K, capacity 650K, committed 768K, reserved 1048576K
}
Event: 0.456 GC heap after
{Heap after GC invocations=1 (full 0):
 garbage-first heap   total 262144K, used 3804K [0x0000000080000000, 0x0000000100000000)
  region size 1024K, 2 young (2048K), 2 survivors (2048K)
 Metaspace       used 6748K, capacity 6937K, committed 7168K, reserved 1056768K
  class space    used 573K, capacity 650K, committed 768K, reserved 1048576K
}
Event: 1.315 GC heap before
{Heap before GC invocations=1 (full 0):
 garbage-first heap   total 262144K, used 49884K [0x0000000080000000, 0x0000000100000000)
  region size 1024K, 44 young (45056K), 2 survivors (2048K)
 Metaspace       used 11339K, capacity 11584K, committed 11776K, reserved 1060864K
  class space    used 1156K, capacity 1244K, committed 1280K, reserved 1048576K
}
Event: 1.320 GC heap after
{Heap after GC invocations=2 (full 0):
 garbage-first heap   total 262144K, used 13652K [0x0000000080000000, 0x0000000100000000)
  region size 1024K, 6 young (6144K), 6 survivors (6144K)
 Metaspace       used 11339K, capacity 11584K, committed 11776K, reserved 1060864K
  class space    used 1156K, capacity 1244K, committed 1280K, reserved 1048576K
}
Event: 2.981 GC heap before
{Heap before GC invocations=2 (full 0):
 garbage-first heap   total 262144K, used 55636K [0x0000000080000000, 0x0000000100000000)
  region size 1024K, 47 young (48128K), 6 survivors (6144K)
 Metaspace       used 18436K, capacity 18873K, committed 19072K, reserved 1067008K
  class space    used 2163K, capacity 2317K, committed 2432K, reserved 1048576K
}
Event: 2.987 GC heap after
{Heap after GC invocations=3 (full 0):
 garbage-first heap   total 262144K, used 16850K [0x0000000080000000, 0x0000000100000000)
  region size 1024K, 3 young (3072K), 3 survivors (3072K)
 Metaspace       used 18436K, capacity 18873K, committed 19072K, reserved 1067008K
  class space    used 2163K, capacity 2317K, committed 2432K, reserved 1048576K
}
Event: 3.320 GC heap before
{Heap before GC invocations=3 (full 0):
 garbage-first heap   total 262144K, used 38354K [0x0000000080000000, 0x0000000100000000)
  region size 1024K, 25 young (25600K), 3 survivors (3072K)
 Metaspace       used 20781K, capacity 21163K, committed 21296K, reserved 1069056K
  class space    used 2516K, capacity 2653K, committed 2688K, reserved 1048576K
}
Event: 3.323 GC heap after
{Heap after GC invocations=4 (full 0):
 garbage-first heap   total 262144K, used 17463K [0x0000000080000000, 0x0000000100000000)
  region size 1024K, 4 young (4096K), 4 survivors (4096K)
 Metaspace       used 20781K, capacity 21163K, committed 21296K, reserved 1069056K
  class space    used 2516K, capacity 2653K, committed 2688K, reserved 1048576K
}
Event: 6.444 GC heap before
{Heap before GC invocations=5 (full 0):
 garbage-first heap   total 262144K, used 69687K [0x0000000080000000, 0x0000000100000000)
  region size 1024K, 55 young (56320K), 4 survivors (4096K)
 Metaspace       used 26292K, capacity 27020K, committed 27184K, reserved 1073152K
  class space    used 3412K, capacity 3658K, committed 3712K, reserved 1048576K
}
Event: 6.449 GC heap after
{Heap after GC invocations=6 (full 0):
 garbage-first heap   total 262144K, used 19517K [0x0000000080000000, 0x0000000100000000)
  region size 1024K, 6 young (6144K), 6 survivors (6144K)
 Metaspace       used 26292K, capacity 27020K, committed 27184K, reserved 1073152K
  class space    used 3412K, capacity 3658K, committed 3712K, reserved 1048576K
}
Event: 9.735 GC heap before
{Heap before GC invocations=6 (full 0):
 garbage-first heap   total 262144K, used 88125K [0x0000000080000000, 0x0000000100000000)
  region size 1024K, 74 young (75776K), 6 survivors (6144K)
 Metaspace       used 34905K, capacity 35730K, committed 35888K, reserved 1081344K
  class space    used 4551K, capacity 4887K, committed 4992K, reserved 1048576K
}
Event: 9.744 GC heap after
{Heap after GC invocations=7 (full 0):
 garbage-first heap   total 262144K, used 22889K [0x0000000080000000, 0x0000000100000000)
  region size 1024K, 9 young (9216K), 9 survivors (9216K)
 Metaspace       used 34905K, capacity 35730K, committed 35888K, reserved 1081344K
  class space    used 4551K, capacity 4887K, committed 4992K, reserved 1048576K
}
Event: 12.823 GC heap before
{Heap before GC invocations=8 (full 0):
 garbage-first heap   total 262144K, used 160105K [0x0000000080000000, 0x0000000100000000)
  region size 1024K, 140 young (143360K), 9 survivors (9216K)
 Metaspace       used 46956K, capacity 48002K, committed 48048K, reserved 1091584K
  class space    used 5979K, capacity 6381K, committed 6400K, reserved 1048576K
}
Event: 12.837 GC heap after
{Heap after GC invocations=9 (full 0):
 garbage-first heap   total 262144K, used 31010K [0x0000000080000000, 0x0000000100000000)
  region size 1024K, 17 young (17408K), 17 survivors (17408K)
 Metaspace       used 46956K, capacity 48002K, committed 48048K, reserved 1091584K
  class space    used 5979K, capacity 6381K, committed 6400K, reserved 1048576K
}
Event: 15.139 GC heap before
{Heap before GC invocations=9 (full 0):
 garbage-first heap   total 262144K, used 174370K [0x0000000080000000, 0x0000000100000000)
  region size 1024K, 151 young (154624K), 17 survivors (17408K)
 Metaspace       used 58549K, capacity 60081K, committed 60208K, reserved 1101824K
  class space    used 7373K, capacity 7985K, committed 8064K, reserved 1048576K
}
Event: 15.161 GC heap after
{Heap after GC invocations=10 (full 0):
 garbage-first heap   total 262144K, used 49737K [0x0000000080000000, 0x0000000100000000)
  region size 1024K, 20 young (20480K), 20 survivors (20480K)
 Metaspace       used 58549K, capacity 60081K, committed 60208K, reserved 1101824K
  class space    used 7373K, capacity 7985K, committed 8064K, reserved 1048576K
}
Event: 16.711 GC heap before
{Heap before GC invocations=11 (full 0):
 garbage-first heap   total 262144K, used 193097K [0x0000000080000000, 0x0000000100000000)
  region size 1024K, 153 young (156672K), 20 survivors (20480K)
 Metaspace       used 68836K, capacity 70506K, committed 70704K, reserved 1110016K
  class space    used 8675K, capacity 9320K, committed 9344K, reserved 1048576K
}
Event: 16.735 GC heap after
{Heap after GC invocations=12 (full 0):
 garbage-first heap   total 262144K, used 60240K [0x0000000080000000, 0x0000000100000000)
  region size 1024K, 11 young (11264K), 11 survivors (11264K)
 Metaspace       used 68836K, capacity 70506K, committed 70704K, reserved 1110016K
  class space    used 8675K, capacity 9320K, committed 9344K, reserved 1048576K
}
Event: 18.325 GC heap before
{Heap before GC invocations=13 (full 0):
 garbage-first heap   total 262144K, used 196432K [0x0000000080000000, 0x0000000100000000)
  region size 1024K, 144 young (147456K), 11 survivors (11264K)
 Metaspace       used 80635K, capacity 82515K, committed 82608K, reserved 1120256K
  class space    used 10474K, capacity 11205K, committed 11264K, reserved 1048576K
}
Event: 18.340 GC heap after
{Heap after GC invocations=14 (full 0):
 garbage-first heap   total 262144K, used 68608K [0x0000000080000000, 0x0000000100000000)
  region size 1024K, 8 young (8192K), 8 survivors (8192K)
 Metaspace       used 80635K, capacity 82515K, committed 82608K, reserved 1120256K
  class space    used 10474K, capacity 11205K, committed 11264K, reserved 1048576K
}

